<?xml version="1.0" encoding="UTF-8"?>
<!-- Generated by org.testng.reporters.JUnitReportReporter -->
<testsuite hostname="Chetan-pc" failures="0" tests="1" name="com.workoutworks.gms.usertest.Working_With_PricingPlanModule" time="37.453" errors="0" timestamp="2024-09-23T12:47:34 IST" skipped="0">
  <testcase classname="com.workoutworks.gms.usertest.Working_With_PricingPlanModule" name="bookingPricingPlanWithPackagecreationTest" time="37.453"/>
  <system-out/>
</testsuite> <!-- com.workoutworks.gms.usertest.Working_With_PricingPlanModule -->
