<?xml version="1.0" encoding="UTF-8"?>
<!-- Generated by org.testng.reporters.JUnitReportReporter -->
<testsuite hostname="Chetan-pc" failures="0" tests="2" name="com.workoutworks.gms.dashboardtest.Working_with_DashboardModuleTest" time="24.051" errors="0" timestamp="2024-09-23T16:28:51 IST" skipped="0">
  <testcase classname="com.workoutworks.gms.dashboardtest.Working_with_DashboardModuleTest" name="createPackageTypeAndDeletingWithCategoryTest" time="15.279"/>
  <system-out/>
  <testcase classname="com.workoutworks.gms.dashboardtest.Working_with_DashboardModuleTest" name="createCategoryAndDeleteTest" time="8.772"/>
  <system-out/>
</testsuite> <!-- com.workoutworks.gms.dashboardtest.Working_with_DashboardModuleTest -->
