<?xml version="1.0" encoding="UTF-8"?>
<!-- Generated by org.testng.reporters.JUnitReportReporter -->
<testsuite hostname="Chetan-pc" failures="0" tests="2" name="com.workoutworks.gms.dashboardtest.Working_with_DashboardModuleTest" time="28.357" errors="0" timestamp="2024-09-23T12:47:34 IST" skipped="0">
  <testcase classname="com.workoutworks.gms.dashboardtest.Working_with_DashboardModuleTest" name="createCategoryAndDeleteTest" time="8.574"/>
  <system-out/>
  <testcase classname="com.workoutworks.gms.dashboardtest.Working_with_DashboardModuleTest" name="createPackageTypeAndDeletingWithCategoryTest" time="19.783"/>
  <system-out/>
</testsuite> <!-- com.workoutworks.gms.dashboardtest.Working_with_DashboardModuleTest -->
