<?xml version="1.0" encoding="UTF-8"?>
<!-- Generated by org.testng.reporters.JUnitReportReporter -->
<testsuite hostname="Chetan-pc" failures="0" tests="2" name="com.workoutworks.gms.packagetest.Working_with_PackageModuleTest" time="40.800" errors="0" timestamp="2024-09-23T16:28:51 IST" skipped="0">
  <testcase classname="com.workoutworks.gms.packagetest.Working_with_PackageModuleTest" name="createPackageWithCategoryAndPackageTypeTest" time="20.015"/>
  <system-out/>
  <testcase classname="com.workoutworks.gms.packagetest.Working_with_PackageModuleTest" name="editPackageInManagePageUnderPackageTest" time="20.785"/>
  <system-out/>
</testsuite> <!-- com.workoutworks.gms.packagetest.Working_with_PackageModuleTest -->
