<?xml version="1.0" encoding="UTF-8"?>
<!-- Generated by org.testng.reporters.JUnitReportReporter -->
<testsuite hostname="Chetan-pc" failures="0" tests="1" name="com.workoutworks.gms.usertest.Working_With_PricingPlanModuleTest" time="9.455" errors="0" timestamp="2024-09-24T10:07:09 IST" skipped="0">
  <testcase classname="com.workoutworks.gms.usertest.Working_With_PricingPlanModuleTest" name="bookingPricingPlanWithPackagecreationTest" time="9.455"/>
  <system-out/>
</testsuite> <!-- com.workoutworks.gms.usertest.Working_With_PricingPlanModuleTest -->
