<?xml version="1.0" encoding="UTF-8"?>
<!-- Generated by org.testng.reporters.JUnitReportReporter -->
<testsuite hostname="Chetan-pc" failures="0" tests="2" name="com.workoutworks.gms.packagetest.Working_with_PackageModuleTest" time="19.484" errors="0" timestamp="2024-09-24T10:07:09 IST" skipped="0">
  <testcase classname="com.workoutworks.gms.packagetest.Working_with_PackageModuleTest" name="editPackageInManagePageUnderPackageTest" time="8.532"/>
  <system-out/>
  <testcase classname="com.workoutworks.gms.packagetest.Working_with_PackageModuleTest" name="createPackageWithCategoryAndPackageTypeTest" time="10.952"/>
  <system-out/>
</testsuite> <!-- com.workoutworks.gms.packagetest.Working_with_PackageModuleTest -->
