<?xml version="1.0" encoding="UTF-8"?>
<!-- Generated by org.testng.reporters.JUnitReportReporter -->
<testsuite hostname="Chetan-pc" failures="0" tests="1" name="com.workoutworks.gms.dashboardtest.Working_with_DashboardModuleTest" time="4.004" errors="0" timestamp="2024-09-24T10:51:01 IST" skipped="0">
  <testcase classname="com.workoutworks.gms.dashboardtest.Working_with_DashboardModuleTest" name="createPackageTypeAndDeletingWithCategoryTest" time="4.004"/>
  <system-out/>
</testsuite> <!-- com.workoutworks.gms.dashboardtest.Working_with_DashboardModuleTest -->
